TN:
SF:src/controllers/adminController.ts
FN:28,(anonymous_0)
FN:62,(anonymous_1)
FN:89,(anonymous_2)
FN:105,(anonymous_3)
FN:123,(anonymous_4)
FN:145,(anonymous_5)
FN:183,(anonymous_6)
FN:201,(anonymous_7)
FN:226,(anonymous_8)
FN:241,(anonymous_9)
FN:258,(anonymous_10)
FN:275,(anonymous_11)
FN:292,(anonymous_12)
FN:308,addDays
FN:313,startOfWeek
FN:321,endOfWeek
FN:330,(anonymous_16)
FN:345,(anonymous_17)
FN:350,(anonymous_18)
FNF:19
FNH:18
FNDA:2,(anonymous_0)
FNDA:2,(anonymous_1)
FNDA:1,(anonymous_2)
FNDA:1,(anonymous_3)
FNDA:3,(anonymous_4)
FNDA:3,(anonymous_5)
FNDA:1,(anonymous_6)
FNDA:2,(anonymous_7)
FNDA:1,(anonymous_8)
FNDA:2,(anonymous_9)
FNDA:2,(anonymous_10)
FNDA:2,(anonymous_11)
FNDA:2,(anonymous_12)
FNDA:1,addDays
FNDA:4,startOfWeek
FNDA:2,endOfWeek
FNDA:3,(anonymous_16)
FNDA:2,(anonymous_17)
FNDA:0,(anonymous_18)
DA:1,1
DA:2,1
DA:12,1
DA:15,1
DA:16,1
DA:18,1
DA:28,1
DA:29,2
DA:30,2
DA:31,2
DA:32,2
DA:34,2
DA:35,1
DA:36,1
DA:38,1
DA:40,1
DA:41,1
DA:50,1
DA:51,1
DA:55,2
DA:57,0
DA:58,0
DA:62,1
DA:63,2
DA:64,2
DA:67,2
DA:68,2
DA:70,2
DA:88,1
DA:90,1
DA:91,1
DA:92,1
DA:93,1
DA:98,1
DA:100,1
DA:101,1
DA:105,1
DA:107,1
DA:108,1
DA:120,1
DA:123,1
DA:124,3
DA:125,3
DA:126,1
DA:129,2
DA:131,2
DA:133,2
DA:134,1
DA:135,1
DA:138,1
DA:140,1
DA:145,1
DA:146,3
DA:148,3
DA:149,1
DA:152,2
DA:157,2
DA:158,1
DA:161,1
DA:164,1
DA:166,1
DA:167,1
DA:169,0
DA:170,0
DA:172,0
DA:173,0
DA:175,0
DA:176,0
DA:179,1
DA:183,1
DA:184,1
DA:197,1
DA:201,1
DA:202,2
DA:204,2
DA:207,2
DA:208,1
DA:211,1
DA:222,1
DA:226,1
DA:227,1
DA:237,1
DA:241,1
DA:242,2
DA:244,2
DA:245,1
DA:248,1
DA:250,1
DA:254,1
DA:258,1
DA:259,2
DA:261,2
DA:262,1
DA:265,1
DA:267,1
DA:271,1
DA:275,1
DA:276,2
DA:278,2
DA:279,1
DA:282,1
DA:284,1
DA:288,1
DA:292,1
DA:293,2
DA:295,2
DA:296,1
DA:299,1
DA:301,1
DA:305,1
DA:309,1
DA:310,1
DA:311,1
DA:314,4
DA:315,4
DA:316,4
DA:317,4
DA:318,4
DA:319,4
DA:322,2
DA:323,2
DA:324,2
DA:325,2
DA:326,2
DA:330,1
DA:331,3
DA:332,3
DA:333,1
DA:336,2
DA:341,2
DA:342,1
DA:345,2
DA:350,1
DA:351,0
DA:352,0
DA:353,0
DA:356,0
DA:362,0
DA:363,0
DA:366,0
LF:140
LH:125
BRDA:36,0,0,0
BRDA:91,1,0,1
BRDA:125,2,0,1
BRDA:125,3,0,3
BRDA:125,3,1,3
BRDA:133,4,0,1
BRDA:148,5,0,1
BRDA:148,6,0,3
BRDA:148,6,1,3
BRDA:157,7,0,1
BRDA:164,8,0,1
BRDA:164,8,1,0
BRDA:164,8,2,0
BRDA:164,8,3,0
BRDA:207,9,0,1
BRDA:244,10,0,1
BRDA:261,11,0,1
BRDA:278,12,0,1
BRDA:295,13,0,1
BRDA:315,14,0,0
BRDA:315,14,1,4
BRDA:332,15,0,1
BRDA:341,16,0,1
BRDA:352,17,0,0
BRDA:362,18,0,0
BRF:25
BRH:18
end_of_record
TN:
SF:src/controllers/authController.ts
FN:7,(anonymous_0)
FN:21,(anonymous_1)
FN:58,(anonymous_2)
FN:68,(anonymous_3)
FNF:4
FNH:4
FNDA:2,(anonymous_0)
FNDA:1,(anonymous_1)
FNDA:2,(anonymous_2)
FNDA:1,(anonymous_3)
DA:1,1
DA:2,1
DA:3,1
DA:4,1
DA:7,1
DA:8,2
DA:10,2
DA:11,2
DA:12,1
DA:15,1
DA:16,1
DA:21,1
DA:26,1
DA:27,1
DA:28,1
DA:35,1
DA:36,0
DA:42,1
DA:43,0
DA:48,1
DA:49,0
DA:54,1
DA:55,1
DA:58,1
DA:59,2
DA:60,2
DA:61,2
DA:63,2
DA:64,2
DA:67,1
DA:68,1
DA:70,1
DA:71,1
LF:33
LH:30
BRDA:8,0,0,2
BRDA:11,1,0,1
BRDA:27,2,0,1
BRDA:35,3,0,0
BRDA:42,4,0,0
BRDA:48,5,0,0
BRDA:61,6,0,0
BRDA:64,7,0,1
BRF:8
BRH:4
end_of_record
TN:
SF:src/controllers/classController.ts
FN:7,(anonymous_0)
FN:28,(anonymous_1)
FN:47,(anonymous_2)
FN:62,(anonymous_3)
FN:92,(anonymous_4)
FN:104,(anonymous_5)
FN:141,(anonymous_6)
FN:181,(anonymous_7)
FN:191,(anonymous_8)
FN:253,(anonymous_9)
FN:281,(anonymous_10)
FNF:11
FNH:9
FNDA:2,(anonymous_0)
FNDA:2,(anonymous_1)
FNDA:2,(anonymous_2)
FNDA:3,(anonymous_3)
FNDA:2,(anonymous_4)
FNDA:2,(anonymous_5)
FNDA:1,(anonymous_6)
FNDA:6,(anonymous_7)
FNDA:5,(anonymous_8)
FNDA:0,(anonymous_9)
FNDA:0,(anonymous_10)
DA:2,1
DA:3,1
DA:4,1
DA:7,1
DA:8,2
DA:9,1
DA:11,1
DA:12,1
DA:25,1
DA:28,1
DA:29,2
DA:30,1
DA:31,1
DA:33,1
DA:34,1
DA:44,1
DA:47,1
DA:48,2
DA:49,0
DA:51,2
DA:52,2
DA:55,2
DA:56,2
DA:58,1
DA:59,1
DA:62,1
DA:63,3
DA:64,0
DA:67,3
DA:70,3
DA:71,1
DA:74,2
DA:76,2
DA:81,1
DA:87,1
DA:88,1
DA:92,1
DA:93,2
DA:95,2
DA:97,2
DA:102,2
DA:104,2
DA:106,2
DA:107,2
DA:108,2
DA:110,2
DA:119,2
DA:120,1
DA:123,1
DA:137,1
DA:141,1
DA:142,1
DA:144,1
DA:147,1
DA:148,1
DA:149,1
DA:151,1
DA:159,1
DA:177,1
DA:181,1
DA:182,6
DA:184,6
DA:185,6
DA:187,6
DA:188,1
DA:190,5
DA:191,5
DA:192,5
DA:204,5
DA:207,4
DA:208,4
DA:209,4
DA:211,4
DA:214,4
DA:216,4
DA:217,1
DA:220,3
DA:229,3
DA:232,2
DA:237,2
DA:238,1
DA:241,1
DA:244,1
DA:246,4
DA:247,0
DA:248,0
DA:253,1
DA:254,0
DA:256,0
DA:257,0
DA:260,0
DA:262,0
DA:270,0
DA:272,0
DA:274,0
DA:276,0
DA:277,0
DA:281,1
DA:282,0
DA:284,0
DA:285,0
DA:288,0
DA:289,0
DA:293,0
DA:294,0
DA:297,0
DA:299,0
DA:300,0
LF:108
LH:84
BRDA:8,0,0,1
BRDA:29,1,0,1
BRDA:48,2,0,0
BRDA:56,3,0,1
BRDA:63,4,0,0
BRDA:70,5,0,1
BRDA:70,6,0,3
BRDA:70,6,1,2
BRDA:93,7,0,0
BRDA:102,8,0,0
BRDA:119,9,0,1
BRDA:142,10,0,0
BRDA:182,11,0,0
BRDA:187,12,0,1
BRDA:187,13,0,6
BRDA:187,13,1,5
BRDA:204,14,0,1
BRDA:216,15,0,1
BRDA:229,16,0,1
BRDA:237,17,0,1
BRDA:246,18,0,4
BRDA:256,19,0,0
BRDA:256,20,0,0
BRDA:256,20,1,0
BRDA:272,21,0,0
BRDA:284,22,0,0
BRDA:284,23,0,0
BRDA:284,23,1,0
BRDA:293,24,0,0
BRF:29
BRH:15
end_of_record
TN:
SF:src/controllers/ongoingClassController.ts
FN:12,(anonymous_0)
FN:42,(anonymous_1)
FN:53,(anonymous_2)
FN:151,(anonymous_3)
FN:164,(anonymous_4)
FNF:5
FNH:3
FNDA:2,(anonymous_0)
FNDA:4,(anonymous_1)
FNDA:0,(anonymous_2)
FNDA:5,(anonymous_3)
FNDA:0,(anonymous_4)
DA:2,1
DA:3,1
DA:4,1
DA:6,1
DA:7,1
DA:12,1
DA:13,2
DA:15,2
DA:16,1
DA:19,1
DA:20,1
DA:34,1
DA:36,0
DA:37,0
DA:42,1
DA:43,4
DA:45,3
DA:46,3
DA:48,3
DA:49,0
DA:53,0
DA:56,3
DA:57,3
DA:58,3
DA:60,3
DA:63,3
DA:64,1
DA:90,1
DA:91,1
DA:98,1
DA:108,2
DA:109,2
DA:136,2
DA:137,1
DA:146,1
DA:151,1
DA:152,5
DA:153,1
DA:155,4
DA:156,4
DA:159,4
DA:160,0
DA:164,0
DA:168,4
DA:169,4
DA:170,0
DA:175,4
DA:177,2
DA:183,2
DA:184,1
DA:188,1
DA:191,1
DA:192,2
DA:197,0
DA:199,2
DA:212,1
DA:216,2
DA:217,0
DA:221,2
DA:222,2
DA:223,0
DA:228,2
DA:239,2
DA:240,1
DA:245,1
DA:257,1
LF:66
LH:56
BRDA:15,0,0,1
BRDA:43,1,0,1
BRDA:48,2,0,0
BRDA:63,3,0,1
BRDA:90,4,0,1
BRDA:108,5,0,2
BRDA:136,6,0,1
BRDA:152,7,0,1
BRDA:159,8,0,0
BRDA:169,9,0,0
BRDA:169,10,0,4
BRDA:169,10,1,4
BRDA:175,11,0,2
BRDA:175,12,0,4
BRDA:175,12,1,2
BRDA:183,13,0,1
BRDA:183,14,0,2
BRDA:183,14,1,2
BRDA:192,15,0,0
BRDA:193,16,0,2
BRDA:193,16,1,2
BRDA:193,16,2,2
BRDA:216,17,0,0
BRDA:222,18,0,0
BRDA:222,19,0,2
BRDA:222,19,1,2
BRDA:239,20,0,1
BRF:27
BRH:21
end_of_record
TN:
SF:src/controllers/userSettingsController.ts
FN:8,(anonymous_0)
FN:39,(anonymous_1)
FNF:2
FNH:1
FNDA:0,(anonymous_0)
FNDA:4,(anonymous_1)
DA:2,1
DA:3,1
DA:4,1
DA:8,1
DA:9,0
DA:10,0
DA:13,0
DA:15,0
DA:16,0
DA:22,0
DA:23,0
DA:26,0
DA:33,0
DA:34,0
DA:39,1
DA:40,4
DA:41,0
DA:44,4
DA:45,4
DA:48,4
DA:49,1
DA:54,3
DA:55,3
DA:61,2
DA:62,1
DA:65,1
DA:67,1
DA:68,1
LF:28
LH:17
BRDA:9,0,0,0
BRDA:22,1,0,0
BRDA:40,2,0,0
BRDA:48,3,0,1
BRDA:61,4,0,1
BRF:5
BRH:2
end_of_record
TN:
SF:src/db/schema.ts
FN:15,(anonymous_0)
FN:29,(anonymous_1)
FN:50,(anonymous_2)
FN:61,(anonymous_3)
FN:71,(anonymous_4)
FN:84,(anonymous_5)
FN:103,(anonymous_6)
FN:120,(anonymous_7)
FN:134,(anonymous_8)
FNF:9
FNH:0
FNDA:0,(anonymous_0)
FNDA:0,(anonymous_1)
FNDA:0,(anonymous_2)
FNDA:0,(anonymous_3)
FNDA:0,(anonymous_4)
FNDA:0,(anonymous_5)
FNDA:0,(anonymous_6)
FNDA:0,(anonymous_7)
FNDA:0,(anonymous_8)
DA:1,5
DA:4,5
DA:5,5
DA:8,5
DA:15,0
DA:19,5
DA:29,0
DA:47,5
DA:50,0
DA:58,5
DA:61,0
DA:69,5
DA:71,0
DA:79,5
DA:84,0
DA:92,5
DA:98,5
DA:103,0
DA:117,5
DA:120,0
DA:129,5
DA:134,0
LF:22
LH:13
BRF:0
BRH:0
end_of_record
