TN:
SF:src/controllers/ongoingClassController.ts
FN:16,(anonymous_0)
FN:47,(anonymous_1)
FN:58,(anonymous_2)
FN:136,(anonymous_3)
FN:147,(anonymous_4)
FN:158,(anonymous_5)
FN:238,flattenWorkoutToSteps
FN:261,(anonymous_7)
FN:291,ensureProgressRow
FN:300,(anonymous_9)
FN:389,(anonymous_10)
FN:404,(anonymous_11)
FN:513,(anonymous_12)
FN:531,(anonymous_13)
FN:537,(anonymous_14)
FN:630,(anonymous_15)
FN:650,(anonymous_16)
FN:704,(anonymous_17)
FN:717,(anonymous_18)
FNF:19
FNH:3
FNDA:2,(anonymous_0)
FNDA:4,(anonymous_1)
FNDA:0,(anonymous_2)
FNDA:0,(anonymous_3)
FNDA:5,(anonymous_4)
FNDA:0,(anonymous_5)
FNDA:0,flattenWorkoutToSteps
FNDA:0,(anonymous_7)
FNDA:0,ensureProgressRow
FNDA:0,(anonymous_9)
FNDA:0,(anonymous_10)
FNDA:0,(anonymous_11)
FNDA:0,(anonymous_12)
FNDA:0,(anonymous_13)
FNDA:0,(anonymous_14)
FNDA:0,(anonymous_15)
FNDA:0,(anonymous_16)
FNDA:0,(anonymous_17)
FNDA:0,(anonymous_18)
DA:2,1
DA:3,1
DA:11,1
DA:13,1
DA:16,1
DA:17,2
DA:18,2
DA:19,1
DA:21,1
DA:22,1
DA:39,1
DA:41,0
DA:42,0
DA:47,1
DA:48,4
DA:49,1
DA:51,3
DA:52,3
DA:53,3
DA:54,0
DA:58,0
DA:62,3
DA:63,3
DA:68,3
DA:75,3
DA:76,1
DA:91,1
DA:92,1
DA:96,1
DA:106,2
DA:107,2
DA:123,2
DA:124,1
DA:132,1
DA:136,1
DA:137,0
DA:138,0
DA:139,0
DA:141,0
DA:142,0
DA:143,0
DA:147,1
DA:148,5
DA:149,1
DA:151,4
DA:152,4
DA:153,4
DA:154,0
DA:158,0
DA:161,4
DA:162,4
DA:163,0
DA:167,4
DA:169,2
DA:174,2
DA:175,1
DA:177,1
DA:178,1
DA:179,2
DA:180,2
DA:192,1
DA:196,2
DA:197,0
DA:199,2
DA:200,2
DA:201,0
DA:204,2
DA:209,2
DA:210,1
DA:213,1
DA:224,1
DA:242,0
DA:260,0
DA:261,0
DA:262,0
DA:263,0
DA:264,0
DA:265,0
DA:266,0
DA:269,0
DA:280,0
DA:281,0
DA:282,0
DA:283,0
DA:284,0
DA:286,0
DA:288,0
DA:292,0
DA:300,1
DA:301,0
DA:302,0
DA:304,0
DA:305,0
DA:306,0
DA:307,0
DA:309,0
DA:314,0
DA:315,0
DA:316,0
DA:318,0
DA:319,0
DA:322,0
DA:345,0
DA:352,0
DA:361,0
DA:362,0
DA:363,0
DA:364,0
DA:375,0
DA:381,0
DA:383,0
DA:384,0
DA:389,1
DA:390,0
DA:391,0
DA:393,0
DA:394,0
DA:400,0
DA:404,1
DA:405,0
DA:406,0
DA:408,0
DA:409,0
DA:410,0
DA:412,0
DA:415,0
DA:422,0
DA:423,0
DA:424,0
DA:425,0
DA:428,0
DA:430,0
DA:462,0
DA:470,0
DA:505,0
DA:513,1
DA:514,0
DA:515,0
DA:517,0
DA:518,0
DA:519,0
DA:520,0
DA:522,0
DA:527,0
DA:531,1
DA:532,0
DA:533,0
DA:534,0
DA:537,0
DA:539,0
DA:546,0
DA:547,0
DA:548,0
DA:552,0
DA:553,0
DA:588,0
DA:592,0
DA:598,0
DA:601,0
DA:602,0
DA:603,0
DA:604,0
DA:607,0
DA:608,0
DA:609,0
DA:610,0
DA:611,0
DA:612,0
DA:615,0
DA:616,0
DA:617,0
DA:620,0
DA:622,0
DA:623,0
DA:624,0
DA:630,1
DA:631,0
DA:632,0
DA:634,0
DA:635,0
DA:636,0
DA:641,0
DA:650,1
DA:651,0
DA:652,0
DA:654,0
DA:655,0
DA:656,0
DA:657,0
DA:658,0
DA:659,0
DA:663,0
DA:670,0
DA:671,0
DA:672,0
DA:674,0
DA:675,0
DA:676,0
DA:678,0
DA:679,0
DA:680,0
DA:684,0
DA:689,0
DA:690,0
DA:694,0
DA:700,0
DA:704,1
DA:705,0
DA:706,0
DA:717,0
DA:724,0
LF:211
LH:64
BRDA:18,0,0,1
BRDA:48,1,0,1
BRDA:53,2,0,0
BRDA:66,3,0,3
BRDA:66,3,1,0
BRDA:71,4,0,3
BRDA:71,4,1,0
BRDA:75,5,0,1
BRDA:91,6,0,1
BRDA:106,7,0,2
BRDA:123,8,0,1
BRDA:138,9,0,0
BRDA:143,10,0,0
BRDA:143,10,1,0
BRDA:148,11,0,1
BRDA:153,12,0,0
BRDA:162,13,0,0
BRDA:162,14,0,4
BRDA:162,14,1,4
BRDA:167,15,0,2
BRDA:167,16,0,4
BRDA:167,16,1,2
BRDA:174,17,0,1
BRDA:174,18,0,2
BRDA:174,18,1,2
BRDA:179,19,0,0
BRDA:179,20,0,2
BRDA:179,20,1,2
BRDA:179,20,2,2
BRDA:196,21,0,0
BRDA:200,22,0,0
BRDA:200,23,0,2
BRDA:200,23,1,2
BRDA:209,24,0,1
BRDA:264,25,0,0
BRDA:264,25,1,0
BRDA:265,26,0,0
BRDA:265,26,1,0
BRDA:266,27,0,0
BRDA:266,27,1,0
BRDA:276,28,0,0
BRDA:276,28,1,0
BRDA:283,29,0,0
BRDA:301,30,0,0
BRDA:306,31,0,0
BRDA:315,32,0,0
BRDA:316,33,0,0
BRDA:361,34,0,0
BRDA:361,34,1,0
BRDA:362,35,0,0
BRDA:362,35,1,0
BRDA:362,35,2,0
BRDA:363,36,0,0
BRDA:390,37,0,0
BRDA:405,38,0,0
BRDA:410,39,0,0
BRDA:410,39,1,0
BRDA:422,40,0,0
BRDA:422,40,1,0
BRDA:423,41,0,0
BRDA:423,41,1,0
BRDA:424,42,0,0
BRDA:428,43,0,0
BRDA:464,44,0,0
BRDA:464,44,1,0
BRDA:507,45,0,0
BRDA:507,45,1,0
BRDA:514,46,0,0
BRDA:519,47,0,0
BRDA:519,47,1,0
BRDA:533,48,0,0
BRDA:546,49,0,0
BRDA:546,49,1,0
BRDA:547,50,0,0
BRDA:552,51,0,0
BRDA:552,52,0,0
BRDA:552,52,1,0
BRDA:552,52,2,0
BRDA:603,53,0,0
BRDA:607,54,0,0
BRDA:607,54,1,0
BRDA:607,55,0,0
BRDA:607,55,1,0
BRDA:608,56,0,0
BRDA:611,57,0,0
BRDA:616,58,0,0
BRDA:623,59,0,0
BRDA:631,60,0,0
BRDA:641,61,0,0
BRDA:641,61,1,0
BRDA:651,62,0,0
BRDA:657,63,0,0
BRDA:657,63,1,0
BRDA:658,64,0,0
BRDA:658,65,0,0
BRDA:658,65,1,0
BRDA:671,66,0,0
BRDA:674,67,0,0
BRDA:674,67,1,0
BRDA:675,68,0,0
BRDA:675,69,0,0
BRDA:675,69,1,0
BRDA:675,69,2,0
BRDA:678,70,0,0
BRDA:678,70,1,0
BRDA:679,71,0,0
BRDA:689,72,0,0
BRDA:719,73,0,0
BRDA:719,73,1,0
BRDA:720,74,0,0
BRDA:720,74,1,0
BRF:111
BRH:23
end_of_record
TN:
SF:src/controllers/userSettingsController.ts
FN:9,(anonymous_1)
FN:31,(anonymous_2)
FNF:2
FNH:1
FNDA:0,(anonymous_1)
FNDA:4,(anonymous_2)
DA:3,1
DA:6,1
DA:9,1
DA:10,0
DA:12,0
DA:14,0
DA:15,0
DA:16,0
DA:18,0
DA:25,0
DA:26,0
DA:31,1
DA:32,4
DA:34,4
DA:35,4
DA:37,4
DA:38,1
DA:41,3
DA:42,3
DA:43,2
DA:45,1
DA:47,1
DA:48,1
LF:23
LH:15
BRDA:10,0,0,0
BRDA:16,1,0,0
BRDA:32,2,0,0
BRDA:37,3,0,1
BRDA:43,4,0,1
BRF:5
BRH:2
end_of_record
TN:
SF:src/db/schema.ts
FN:47,(anonymous_0)
FN:63,(anonymous_1)
FN:88,(anonymous_2)
FN:103,(anonymous_3)
FN:117,(anonymous_4)
FN:134,(anonymous_5)
FN:154,(anonymous_6)
FN:166,(anonymous_7)
FN:188,(anonymous_8)
FN:209,(anonymous_9)
FN:230,(anonymous_10)
FN:248,(anonymous_11)
FN:271,(anonymous_12)
FN:296,(anonymous_13)
FNF:14
FNH:0
FNDA:0,(anonymous_0)
FNDA:0,(anonymous_1)
FNDA:0,(anonymous_2)
FNDA:0,(anonymous_3)
FNDA:0,(anonymous_4)
FNDA:0,(anonymous_5)
FNDA:0,(anonymous_6)
FNDA:0,(anonymous_7)
FNDA:0,(anonymous_8)
FNDA:0,(anonymous_9)
FNDA:0,(anonymous_10)
FNDA:0,(anonymous_11)
FNDA:0,(anonymous_12)
FNDA:0,(anonymous_13)
DA:1,2
DA:20,2
DA:26,2
DA:28,2
DA:29,2
DA:37,2
DA:47,0
DA:50,2
DA:63,0
DA:82,2
DA:88,0
DA:97,2
DA:103,0
DA:112,2
DA:117,0
DA:126,2
DA:134,0
DA:143,2
DA:150,2
DA:154,0
DA:162,2
DA:166,0
DA:174,2
DA:180,2
DA:188,0
DA:201,2
DA:209,0
DA:224,2
DA:230,0
DA:240,2
DA:248,0
DA:259,2
DA:271,0
DA:285,2
DA:296,0
LF:35
LH:21
BRF:0
BRH:0
end_of_record
TN:
SF:src/repositories/user.repository.ts
FN:40,(anonymous_0)
FN:48,(anonymous_1)
FN:53,(anonymous_2)
FN:58,(anonymous_3)
FN:63,(anonymous_4)
FN:72,(anonymous_5)
FN:83,(anonymous_6)
FN:85,(anonymous_7)
FN:93,(anonymous_8)
FN:98,(anonymous_9)
FN:100,(anonymous_10)
FN:100,(anonymous_11)
FN:134,(anonymous_12)
FN:163,(anonymous_13)
FN:185,(anonymous_14)
FN:200,(anonymous_15)
FN:214,(anonymous_16)
FN:238,(anonymous_17)
FN:239,(anonymous_18)
FN:252,(anonymous_19)
FN:271,(anonymous_20)
FN:279,(anonymous_21)
FN:288,(anonymous_22)
FN:299,(anonymous_23)
FN:309,(anonymous_24)
FNF:25
FNH:2
FNDA:3,(anonymous_0)
FNDA:0,(anonymous_1)
FNDA:0,(anonymous_2)
FNDA:0,(anonymous_3)
FNDA:0,(anonymous_4)
FNDA:0,(anonymous_5)
FNDA:0,(anonymous_6)
FNDA:0,(anonymous_7)
FNDA:0,(anonymous_8)
FNDA:0,(anonymous_9)
FNDA:0,(anonymous_10)
FNDA:0,(anonymous_11)
FNDA:0,(anonymous_12)
FNDA:0,(anonymous_13)
FNDA:0,(anonymous_14)
FNDA:0,(anonymous_15)
FNDA:0,(anonymous_16)
FNDA:0,(anonymous_17)
FNDA:0,(anonymous_18)
FNDA:0,(anonymous_19)
FNDA:0,(anonymous_20)
FNDA:0,(anonymous_21)
FNDA:0,(anonymous_22)
FNDA:0,(anonymous_23)
FNDA:3,(anonymous_24)
DA:2,1
DA:3,1
DA:11,1
DA:36,1
DA:41,3
DA:49,0
DA:50,0
DA:54,0
DA:55,0
DA:59,0
DA:60,0
DA:64,0
DA:69,0
DA:73,0
DA:84,0
DA:85,0
DA:94,0
DA:97,0
DA:98,0
DA:100,0
DA:101,0
DA:102,0
DA:106,0
DA:107,0
DA:108,0
DA:109,0
DA:110,0
DA:112,0
DA:113,0
DA:114,0
DA:115,0
DA:117,0
DA:118,0
DA:119,0
DA:120,0
DA:122,0
DA:123,0
DA:124,0
DA:125,0
DA:135,0
DA:137,0
DA:139,0
DA:140,0
DA:142,0
DA:143,0
DA:145,0
DA:146,0
DA:148,0
DA:149,0
DA:152,0
DA:164,0
DA:186,0
DA:201,0
DA:215,0
DA:239,0
DA:240,0
DA:241,0
DA:242,0
DA:244,0
DA:253,0
DA:256,0
DA:257,0
DA:258,0
DA:259,0
DA:262,0
DA:265,0
DA:272,0
DA:273,0
DA:280,0
DA:281,0
DA:289,0
DA:295,0
DA:300,0
DA:306,0
DA:310,3
DA:316,2
DA:321,1
LF:77
LH:8
BRDA:41,0,0,3
BRDA:41,0,1,3
BRDA:50,1,0,0
BRDA:50,1,1,0
BRDA:55,2,0,0
BRDA:55,2,1,0
BRDA:69,3,0,0
BRDA:69,3,1,0
BRDA:101,4,0,0
BRDA:107,5,0,0
BRDA:107,5,1,0
BRDA:109,6,0,0
BRDA:112,7,0,0
BRDA:112,7,1,0
BRDA:114,8,0,0
BRDA:117,9,0,0
BRDA:117,9,1,0
BRDA:119,10,0,0
BRDA:122,11,0,0
BRDA:124,12,0,0
BRDA:137,13,0,0
BRDA:137,13,1,0
BRDA:137,13,2,0
BRDA:137,13,3,0
BRDA:238,14,0,0
BRDA:241,15,0,0
BRDA:272,16,0,0
BRDA:295,17,0,0
BRDA:295,17,1,0
BRDA:306,18,0,0
BRDA:306,18,1,0
BRDA:316,19,0,2
BRDA:316,19,1,1
BRF:33
BRH:4
end_of_record
