TN:
SF:src/db/client.ts
FN:24,(anonymous_10)
FN:28,(anonymous_11)
FNF:2
FNH:0
FNDA:0,(anonymous_10)
FNDA:0,(anonymous_11)
DA:2,4
DA:3,4
DA:4,4
DA:5,4
DA:8,4
DA:10,4
DA:13,4
DA:19,4
DA:24,4
DA:25,0
DA:28,4
DA:29,0
DA:32,4
LF:13
LH:11
BRDA:13,0,0,4
BRDA:13,0,1,0
BRDA:21,1,0,4
BRDA:21,1,1,0
BRF:4
BRH:2
end_of_record
TN:
SF:src/db/schema.ts
FN:47,(anonymous_0)
FN:63,(anonymous_1)
FN:88,(anonymous_2)
FN:103,(anonymous_3)
FN:117,(anonymous_4)
FN:134,(anonymous_5)
FN:154,(anonymous_6)
FN:166,(anonymous_7)
FN:188,(anonymous_8)
FN:209,(anonymous_9)
FN:230,(anonymous_10)
FN:248,(anonymous_11)
FN:271,(anonymous_12)
FN:296,(anonymous_13)
FN:326,(anonymous_14)
FNF:15
FNH:15
FNDA:4,(anonymous_0)
FNDA:4,(anonymous_1)
FNDA:4,(anonymous_2)
FNDA:4,(anonymous_3)
FNDA:4,(anonymous_4)
FNDA:4,(anonymous_5)
FNDA:4,(anonymous_6)
FNDA:4,(anonymous_7)
FNDA:4,(anonymous_8)
FNDA:4,(anonymous_9)
FNDA:4,(anonymous_10)
FNDA:4,(anonymous_11)
FNDA:4,(anonymous_12)
FNDA:4,(anonymous_13)
FNDA:4,(anonymous_14)
DA:1,4
DA:20,4
DA:26,4
DA:28,4
DA:29,4
DA:37,4
DA:47,4
DA:50,4
DA:63,4
DA:82,4
DA:88,4
DA:97,4
DA:103,4
DA:112,4
DA:117,4
DA:126,4
DA:134,4
DA:143,4
DA:150,4
DA:154,4
DA:162,4
DA:166,4
DA:174,4
DA:180,4
DA:188,4
DA:201,4
DA:209,4
DA:224,4
DA:230,4
DA:240,4
DA:248,4
DA:259,4
DA:271,4
DA:285,4
DA:296,4
DA:312,4
DA:319,4
DA:326,4
LF:38
LH:38
BRF:0
BRH:0
end_of_record
TN:
SF:src/infrastructure/auth/jwtService.ts
FN:8,(anonymous_1)
FN:15,(anonymous_2)
FNF:2
FNH:0
FNDA:0,(anonymous_1)
FNDA:0,(anonymous_2)
DA:1,1
DA:4,1
DA:5,1
DA:7,1
DA:9,0
DA:10,0
DA:12,0
DA:16,0
DA:17,0
DA:19,0
LF:10
LH:4
BRDA:9,0,0,0
BRDA:16,1,0,0
BRF:2
BRH:0
end_of_record
TN:
SF:src/infrastructure/auth/passwordService.ts
FN:7,(anonymous_1)
FN:11,(anonymous_2)
FNF:2
FNH:0
FNDA:0,(anonymous_1)
FNDA:0,(anonymous_2)
DA:1,1
DA:4,1
DA:6,1
DA:8,0
DA:12,0
LF:5
LH:3
BRF:0
BRH:0
end_of_record
TN:
SF:src/repositories/auth/userRepository.ts
FN:39,(anonymous_0)
FN:44,(anonymous_1)
FN:49,(anonymous_2)
FN:54,(anonymous_3)
FN:59,(anonymous_4)
FN:60,(anonymous_5)
FN:69,(anonymous_6)
FN:71,(anonymous_7)
FN:74,(anonymous_8)
FN:85,(anonymous_9)
FN:94,(anonymous_10)
FN:98,(anonymous_11)
FN:103,(anonymous_12)
FN:105,(anonymous_13)
FN:105,(anonymous_14)
FN:137,(anonymous_15)
FNF:16
FNH:0
FNDA:0,(anonymous_0)
FNDA:0,(anonymous_1)
FNDA:0,(anonymous_2)
FNDA:0,(anonymous_3)
FNDA:0,(anonymous_4)
FNDA:0,(anonymous_5)
FNDA:0,(anonymous_6)
FNDA:0,(anonymous_7)
FNDA:0,(anonymous_8)
FNDA:0,(anonymous_9)
FNDA:0,(anonymous_10)
FNDA:0,(anonymous_11)
FNDA:0,(anonymous_12)
FNDA:0,(anonymous_13)
FNDA:0,(anonymous_14)
FNDA:0,(anonymous_15)
DA:1,1
DA:2,1
DA:10,1
DA:35,1
DA:40,0
DA:45,0
DA:46,0
DA:50,0
DA:51,0
DA:55,0
DA:56,0
DA:60,0
DA:61,0
DA:62,0
DA:63,0
DA:65,0
DA:70,0
DA:71,0
DA:75,0
DA:81,0
DA:86,0
DA:91,0
DA:95,0
DA:99,0
DA:102,0
DA:103,0
DA:105,0
DA:106,0
DA:107,0
DA:111,0
DA:112,0
DA:113,0
DA:114,0
DA:115,0
DA:117,0
DA:118,0
DA:119,0
DA:120,0
DA:122,0
DA:123,0
DA:124,0
DA:125,0
DA:127,0
DA:128,0
DA:129,0
DA:130,0
DA:138,0
LF:47
LH:4
BRDA:40,0,0,0
BRDA:40,0,1,0
BRDA:46,1,0,0
BRDA:46,1,1,0
BRDA:51,2,0,0
BRDA:51,2,1,0
BRDA:62,3,0,0
BRDA:81,4,0,0
BRDA:81,4,1,0
BRDA:91,5,0,0
BRDA:91,5,1,0
BRDA:106,6,0,0
BRDA:112,7,0,0
BRDA:112,7,1,0
BRDA:114,8,0,0
BRDA:117,9,0,0
BRDA:117,9,1,0
BRDA:119,10,0,0
BRDA:122,11,0,0
BRDA:122,11,1,0
BRDA:124,12,0,0
BRDA:127,13,0,0
BRDA:129,14,0,0
BRDA:143,15,0,0
BRDA:143,15,1,0
BRDA:144,16,0,0
BRDA:144,16,1,0
BRF:27
BRH:0
end_of_record
TN:
SF:src/repositories/health/healthRepository.ts
FN:14,(anonymous_0)
FN:16,(anonymous_1)
FN:17,(anonymous_2)
FNF:3
FNH:0
FNDA:0,(anonymous_0)
FNDA:0,(anonymous_1)
FNDA:0,(anonymous_2)
DA:1,1
DA:2,1
DA:9,1
DA:16,0
DA:17,0
DA:21,0
LF:6
LH:3
BRDA:14,0,0,0
BRF:1
BRH:0
end_of_record
TN:
SF:src/repositories/notifications/notificationRepository.ts
FN:7,(anonymous_0)
FN:11,(anonymous_1)
FN:22,(anonymous_2)
FN:32,(anonymous_3)
FN:36,(anonymous_4)
FNF:5
FNH:0
FNDA:0,(anonymous_0)
FNDA:0,(anonymous_1)
FNDA:0,(anonymous_2)
FNDA:0,(anonymous_3)
FNDA:0,(anonymous_4)
DA:1,2
DA:2,2
DA:6,2
DA:8,0
DA:15,0
DA:19,0
DA:27,0
DA:36,0
DA:37,0
DA:38,0
DA:39,0
LF:11
LH:3
BRDA:8,0,0,0
BRDA:8,0,1,0
BRF:2
BRH:0
end_of_record
TN:
SF:src/services/admin/adminService.ts
FN:15,(anonymous_0)
FN:19,(anonymous_1)
FN:27,(anonymous_2)
FN:31,(anonymous_3)
FN:35,(anonymous_4)
FN:43,(anonymous_5)
FN:56,(anonymous_6)
FN:60,(anonymous_7)
FN:69,(anonymous_8)
FN:73,(anonymous_9)
FN:86,(anonymous_10)
FN:99,(anonymous_11)
FN:112,(anonymous_12)
FNF:13
FNH:12
FNDA:13,(anonymous_0)
FNDA:1,(anonymous_1)
FNDA:1,(anonymous_2)
FNDA:1,(anonymous_3)
FNDA:3,(anonymous_4)
FNDA:3,(anonymous_5)
FNDA:1,(anonymous_6)
FNDA:1,(anonymous_7)
FNDA:1,(anonymous_8)
FNDA:1,(anonymous_9)
FNDA:2,(anonymous_10)
FNDA:2,(anonymous_11)
FNDA:0,(anonymous_12)
DA:12,1
DA:16,13
DA:20,1
DA:28,1
DA:32,1
DA:36,3
DA:37,2
DA:40,1
DA:44,3
DA:45,1
DA:48,2
DA:49,2
DA:50,1
DA:53,1
DA:57,1
DA:61,1
DA:62,1
DA:63,0
DA:66,1
DA:70,1
DA:74,1
DA:75,0
DA:78,1
DA:79,1
DA:80,0
DA:83,1
DA:87,2
DA:88,0
DA:91,2
DA:92,2
DA:93,1
DA:96,1
DA:100,2
DA:101,0
DA:104,2
DA:105,2
DA:106,1
DA:109,1
DA:113,0
DA:114,0
DA:117,0
LF:41
LH:33
BRDA:36,0,0,2
BRDA:36,1,0,3
BRDA:36,1,1,2
BRDA:44,2,0,1
BRDA:44,3,0,3
BRDA:44,3,1,2
BRDA:49,4,0,1
BRDA:62,5,0,0
BRDA:74,6,0,0
BRDA:79,7,0,0
BRDA:87,8,0,0
BRDA:92,9,0,1
BRDA:100,10,0,0
BRDA:105,11,0,1
BRDA:113,12,0,0
BRF:15
BRH:9
end_of_record
TN:
SF:src/services/auth/authService.ts
FN:18,(anonymous_0)
FN:30,(anonymous_1)
FN:73,(anonymous_2)
FN:117,(anonymous_3)
FNF:4
FNH:3
FNDA:5,(anonymous_0)
FNDA:0,(anonymous_1)
FNDA:3,(anonymous_2)
FNDA:1,(anonymous_3)
DA:3,1
DA:4,1
DA:5,1
DA:6,1
DA:12,1
DA:24,5
DA:25,5
DA:26,5
DA:27,5
DA:32,0
DA:33,0
DA:37,0
DA:38,0
DA:39,0
DA:43,0
DA:46,0
DA:47,0
DA:59,0
DA:62,0
DA:65,0
DA:70,0
DA:75,3
DA:76,0
DA:80,3
DA:81,3
DA:82,1
DA:86,2
DA:87,0
DA:90,2
DA:91,2
DA:92,1
DA:96,1
DA:99,1
DA:105,1
DA:106,1
DA:111,1
DA:119,1
DA:122,1
DA:123,1
DA:124,1
DA:125,0
DA:128,0
LF:42
LH:26
BRDA:24,0,0,5
BRDA:24,0,1,0
BRDA:25,1,0,5
BRDA:25,1,1,0
BRDA:26,2,0,5
BRDA:26,2,1,0
BRDA:27,3,0,5
BRDA:27,3,1,5
BRDA:32,4,0,0
BRDA:32,5,0,0
BRDA:32,5,1,0
BRDA:32,5,2,0
BRDA:32,5,3,0
BRDA:38,6,0,0
BRDA:46,7,0,0
BRDA:46,7,1,0
BRDA:75,8,0,0
BRDA:75,9,0,3
BRDA:75,9,1,3
BRDA:81,10,0,1
BRDA:86,11,0,0
BRDA:91,12,0,1
BRDA:123,13,0,1
BRDA:125,14,0,0
BRDA:125,14,1,0
BRF:25
BRH:10
end_of_record
TN:
SF:src/services/class/classService.ts
FN:22,(anonymous_9)
FN:27,(anonymous_10)
FN:31,(anonymous_11)
FN:35,(anonymous_12)
FN:38,(anonymous_13)
FN:46,(anonymous_14)
FN:54,(anonymous_15)
FN:64,(anonymous_16)
FN:73,(anonymous_17)
FN:80,(anonymous_18)
FN:81,(anonymous_19)
FN:114,(anonymous_20)
FN:122,(anonymous_21)
FN:130,(anonymous_22)
FNF:14
FNH:14
FNDA:9,(anonymous_9)
FNDA:1,(anonymous_10)
FNDA:1,(anonymous_11)
FNDA:2,(anonymous_12)
FNDA:2,(anonymous_13)
FNDA:1,(anonymous_14)
FNDA:1,(anonymous_15)
FNDA:1,(anonymous_16)
FNDA:1,(anonymous_17)
FNDA:1,(anonymous_18)
FNDA:1,(anonymous_19)
FNDA:1,(anonymous_20)
FNDA:1,(anonymous_21)
FNDA:1,(anonymous_22)
DA:18,1
DA:23,9
DA:24,9
DA:28,1
DA:32,1
DA:37,2
DA:38,2
DA:39,2
DA:40,1
DA:43,1
DA:48,1
DA:50,1
DA:51,1
DA:56,1
DA:57,1
DA:58,1
DA:61,1
DA:65,1
DA:66,1
DA:67,1
DA:70,1
DA:75,1
DA:76,0
DA:80,2
DA:81,1
DA:83,1
DA:84,1
DA:85,0
DA:89,1
DA:90,1
DA:91,1
DA:93,1
DA:94,0
DA:98,1
DA:99,1
DA:100,0
DA:104,1
DA:105,1
DA:106,0
DA:110,1
DA:115,1
DA:116,1
DA:117,0
DA:119,1
DA:123,1
DA:124,1
DA:125,1
DA:126,0
DA:131,1
DA:132,1
DA:134,1
DA:135,0
DA:138,1
DA:139,0
DA:142,1
DA:143,0
DA:146,1
DA:147,0
DA:150,1
DA:151,1
DA:152,0
DA:155,1
DA:156,1
DA:161,0
DA:164,1
DA:165,1
DA:169,0
DA:172,1
DA:177,0
LF:69
LH:54
BRDA:39,0,0,1
BRDA:75,1,0,0
BRDA:75,2,0,1
BRDA:75,2,1,1
BRDA:84,3,0,0
BRDA:93,4,0,0
BRDA:99,5,0,0
BRDA:105,6,0,0
BRDA:116,7,0,0
BRDA:124,8,0,1
BRDA:124,8,1,1
BRDA:124,9,0,0
BRDA:124,9,1,1
BRDA:125,10,0,0
BRDA:134,11,0,0
BRDA:134,12,0,1
BRDA:134,12,1,1
BRDA:138,13,0,0
BRDA:138,14,0,1
BRDA:138,14,1,1
BRDA:142,15,0,0
BRDA:142,16,0,1
BRDA:142,16,1,1
BRDA:146,17,0,0
BRDA:146,18,0,1
BRDA:146,18,1,1
BRDA:151,19,0,0
BRDA:151,20,0,1
BRDA:151,20,1,1
BRDA:156,21,0,0
BRDA:157,22,0,1
BRDA:157,22,1,1
BRDA:157,22,2,1
BRDA:165,23,0,0
BRDA:166,24,0,1
BRDA:166,24,1,1
BRDA:166,24,2,1
BRDA:166,24,3,0
BRDA:172,25,0,0
BRDA:173,26,0,1
BRDA:173,26,1,1
BRDA:173,26,2,1
BRF:42
BRH:25
end_of_record
TN:
SF:src/services/health/healthService.ts
FN:13,(anonymous_0)
FN:18,(anonymous_1)
FNF:2
FNH:2
FNDA:2,(anonymous_0)
FNDA:2,(anonymous_1)
DA:3,1
DA:9,1
DA:14,2
DA:15,2
DA:19,2
DA:20,2
DA:22,2
DA:24,2
DA:26,1
DA:34,1
DA:35,1
DA:37,1
LF:12
LH:12
BRDA:14,0,0,2
BRDA:14,0,1,0
BRDA:15,1,0,2
BRDA:15,1,1,2
BRDA:34,2,0,1
BRDA:34,2,1,0
BRF:6
BRH:4
end_of_record
TN:
SF:src/services/liveClass/liveClassService.ts
FN:10,(anonymous_0)
FN:16,(anonymous_1)
FN:23,(anonymous_2)
FN:28,(anonymous_3)
FN:48,(anonymous_4)
FN:52,(anonymous_5)
FN:81,(anonymous_6)
FN:100,(anonymous_7)
FN:115,(anonymous_8)
FN:118,(anonymous_9)
FN:121,(anonymous_10)
FN:126,(anonymous_11)
FN:152,(anonymous_12)
FN:160,(anonymous_13)
FN:171,(anonymous_14)
FN:176,(anonymous_15)
FN:191,(anonymous_16)
FNF:17
FNH:7
FNDA:6,(anonymous_0)
FNDA:0,(anonymous_1)
FNDA:0,(anonymous_2)
FNDA:2,(anonymous_3)
FNDA:1,(anonymous_4)
FNDA:2,(anonymous_5)
FNDA:0,(anonymous_6)
FNDA:0,(anonymous_7)
FNDA:1,(anonymous_8)
FNDA:1,(anonymous_9)
FNDA:1,(anonymous_10)
FNDA:0,(anonymous_11)
FNDA:0,(anonymous_12)
FNDA:0,(anonymous_13)
FNDA:0,(anonymous_14)
FNDA:0,(anonymous_15)
FNDA:0,(anonymous_16)
DA:6,1
DA:11,6
DA:12,6
DA:17,0
DA:18,0
DA:19,0
DA:24,0
DA:29,2
DA:30,2
DA:33,2
DA:34,0
DA:35,0
DA:39,2
DA:40,2
DA:41,2
DA:44,0
DA:49,1
DA:50,1
DA:52,1
DA:53,2
DA:54,2
DA:55,2
DA:56,2
DA:57,2
DA:58,2
DA:69,1
DA:70,1
DA:71,1
DA:72,2
DA:73,2
DA:76,1
DA:77,1
DA:82,0
DA:83,0
DA:85,0
DA:86,0
DA:87,0
DA:88,0
DA:91,0
DA:92,0
DA:93,0
DA:94,0
DA:95,0
DA:96,0
DA:101,0
DA:102,0
DA:103,0
DA:105,0
DA:106,0
DA:107,0
DA:109,0
DA:110,0
DA:111,0
DA:112,0
DA:116,1
DA:119,1
DA:122,1
DA:127,0
DA:129,0
DA:130,0
DA:131,0
DA:133,0
DA:134,0
DA:135,0
DA:136,0
DA:139,0
DA:140,0
DA:142,0
DA:143,0
DA:144,0
DA:147,0
DA:148,0
DA:153,0
DA:154,0
DA:155,0
DA:156,0
DA:161,0
DA:162,0
DA:164,0
DA:165,0
DA:166,0
DA:167,0
DA:172,0
DA:177,0
DA:178,0
DA:179,0
DA:181,0
DA:182,0
DA:184,0
DA:185,0
DA:187,0
DA:188,0
DA:192,0
LF:93
LH:28
BRDA:17,0,0,0
BRDA:30,1,0,2
BRDA:30,2,0,2
BRDA:30,2,1,0
BRDA:33,3,0,0
BRDA:35,4,0,0
BRDA:39,5,0,2
BRDA:41,6,0,2
BRDA:49,7,0,0
BRDA:49,8,0,1
BRDA:49,8,1,1
BRDA:55,9,0,1
BRDA:55,9,1,1
BRDA:56,10,0,1
BRDA:56,10,1,1
BRDA:57,11,0,1
BRDA:57,11,1,1
BRDA:65,12,0,0
BRDA:65,12,1,2
BRDA:72,13,0,1
BRDA:77,14,0,1
BRDA:77,14,1,0
BRDA:81,15,0,0
BRDA:83,16,0,0
BRDA:85,17,0,0
BRDA:85,18,0,0
BRDA:85,18,1,0
BRDA:91,19,0,0
BRDA:93,20,0,0
BRDA:93,21,0,0
BRDA:93,21,1,0
BRDA:102,22,0,0
BRDA:103,23,0,0
BRDA:107,24,0,0
BRDA:107,24,1,0
BRDA:130,25,0,0
BRDA:131,26,0,0
BRDA:131,27,0,0
BRDA:131,27,1,0
BRDA:134,28,0,0
BRDA:134,29,0,0
BRDA:134,29,1,0
BRDA:134,30,0,0
BRDA:134,30,1,0
BRDA:139,31,0,0
BRDA:139,31,1,0
BRDA:140,32,0,0
BRDA:142,33,0,0
BRDA:142,34,0,0
BRDA:142,34,1,0
BRDA:143,35,0,0
BRDA:143,35,1,0
BRDA:144,36,0,0
BRDA:144,36,1,0
BRDA:147,37,0,0
BRDA:147,37,1,0
BRDA:148,38,0,0
BRDA:148,38,1,0
BRDA:153,39,0,0
BRDA:153,39,1,0
BRDA:162,40,0,0
BRDA:165,41,0,0
BRDA:165,42,0,0
BRDA:165,42,1,0
BRDA:165,42,2,0
BRDA:166,43,0,0
BRDA:177,44,0,0
BRDA:177,45,0,0
BRDA:177,45,1,0
BRDA:179,46,0,0
BRDA:181,47,0,0
BRDA:181,47,1,0
BRDA:182,48,0,0
BRDA:184,49,0,0
BRDA:184,49,1,0
BRDA:185,50,0,0
BRDA:188,51,0,0
BRDA:188,51,1,0
BRF:78
BRH:15
end_of_record
TN:
SF:src/services/notifications/notificationService.ts
FN:7,(anonymous_0)
FN:11,(anonymous_1)
FNF:2
FNH:2
FNDA:6,(anonymous_0)
FNDA:1,(anonymous_1)
DA:2,2
DA:4,2
DA:8,6
DA:12,1
DA:13,1
DA:15,1
LF:6
LH:6
BRDA:8,0,0,6
BRDA:8,0,1,5
BRF:2
BRH:2
end_of_record
