TN:
SF:src\index.ts
FN:42,(anonymous_1)
FN:48,(anonymous_2)
FN:53,(anonymous_3)
FNF:3
FNH:2
FNDA:1,(anonymous_1)
FNDA:15,(anonymous_2)
FNDA:0,(anonymous_3)
DA:2,2
DA:3,2
DA:4,2
DA:5,2
DA:6,2
DA:7,2
DA:8,2
DA:9,2
DA:10,2
DA:11,2
DA:12,2
DA:13,2
DA:14,2
DA:15,2
DA:20,2
DA:21,2
DA:23,2
DA:28,2
DA:29,2
DA:30,2
DA:31,2
DA:32,2
DA:33,2
DA:34,2
DA:35,2
DA:36,2
DA:37,2
DA:40,2
DA:42,2
DA:43,1
DA:48,2
DA:49,15
DA:53,2
DA:54,0
DA:55,0
LF:35
LH:33
BRDA:21,0,0,2
BRDA:21,0,1,0
BRF:2
BRH:1
end_of_record
TN:
SF:src\swagger.ts
FN:24,setupSwagger
FNF:1
FNH:1
FNDA:2,setupSwagger
DA:1,2
DA:2,2
DA:5,2
DA:22,2
DA:24,2
DA:25,2
LF:6
LH:6
BRF:0
BRH:0
end_of_record
TN:
SF:src\controllers\adminController.ts
FN:28,(anonymous_0)
FN:62,(anonymous_1)
FN:89,(anonymous_2)
FN:105,(anonymous_3)
FN:123,(anonymous_4)
FN:145,(anonymous_5)
FN:183,(anonymous_6)
FN:201,(anonymous_7)
FN:226,(anonymous_8)
FN:241,(anonymous_9)
FN:258,(anonymous_10)
FN:275,(anonymous_11)
FN:292,(anonymous_12)
FN:308,addDays
FN:313,startOfWeek
FN:321,endOfWeek
FN:330,(anonymous_16)
FN:345,(anonymous_17)
FN:350,(anonymous_18)
FNF:19
FNH:18
FNDA:5,(anonymous_0)
FNDA:2,(anonymous_1)
FNDA:1,(anonymous_2)
FNDA:1,(anonymous_3)
FNDA:3,(anonymous_4)
FNDA:11,(anonymous_5)
FNDA:1,(anonymous_6)
FNDA:3,(anonymous_7)
FNDA:2,(anonymous_8)
FNDA:2,(anonymous_9)
FNDA:2,(anonymous_10)
FNDA:2,(anonymous_11)
FNDA:2,(anonymous_12)
FNDA:2,addDays
FNDA:4,startOfWeek
FNDA:2,endOfWeek
FNDA:3,(anonymous_16)
FNDA:2,(anonymous_17)
FNDA:0,(anonymous_18)
DA:1,3
DA:2,3
DA:12,3
DA:15,3
DA:16,3
DA:18,3
DA:28,3
DA:29,5
DA:30,5
DA:31,5
DA:32,5
DA:34,5
DA:35,3
DA:36,3
DA:38,2
DA:40,2
DA:41,2
DA:50,2
DA:51,1
DA:55,4
DA:57,1
DA:58,1
DA:62,3
DA:63,2
DA:64,2
DA:67,2
DA:68,2
DA:70,2
DA:88,1
DA:90,1
DA:91,1
DA:92,1
DA:93,1
DA:98,1
DA:100,1
DA:101,1
DA:105,3
DA:107,1
DA:108,1
DA:120,1
DA:123,3
DA:124,3
DA:125,3
DA:126,1
DA:129,2
DA:131,2
DA:133,2
DA:134,1
DA:135,1
DA:138,1
DA:140,1
DA:145,3
DA:146,11
DA:148,11
DA:149,2
DA:152,9
DA:157,9
DA:158,3
DA:161,6
DA:164,6
DA:166,3
DA:167,3
DA:169,1
DA:170,1
DA:172,1
DA:173,1
DA:175,1
DA:176,1
DA:179,6
DA:183,3
DA:184,1
DA:197,1
DA:201,3
DA:202,3
DA:204,3
DA:207,3
DA:208,1
DA:211,2
DA:222,2
DA:226,3
DA:227,2
DA:237,2
DA:241,3
DA:242,2
DA:244,2
DA:245,1
DA:248,1
DA:250,1
DA:254,1
DA:258,3
DA:259,2
DA:261,2
DA:262,1
DA:265,1
DA:267,1
DA:271,1
DA:275,3
DA:276,2
DA:278,2
DA:279,1
DA:282,1
DA:284,1
DA:288,1
DA:292,3
DA:293,2
DA:295,2
DA:296,1
DA:299,1
DA:301,1
DA:305,1
DA:309,2
DA:310,2
DA:311,2
DA:314,4
DA:315,4
DA:316,4
DA:317,4
DA:318,4
DA:319,4
DA:322,2
DA:323,2
DA:324,2
DA:325,2
DA:326,2
DA:330,3
DA:331,3
DA:332,3
DA:333,1
DA:336,2
DA:341,2
DA:342,1
DA:345,2
DA:350,3
DA:351,0
DA:352,0
DA:353,0
DA:356,0
DA:362,0
DA:363,0
DA:366,0
LF:140
LH:133
BRDA:36,0,0,1
BRDA:91,1,0,1
BRDA:125,2,0,1
BRDA:125,3,0,3
BRDA:125,3,1,3
BRDA:133,4,0,1
BRDA:148,5,0,2
BRDA:148,6,0,11
BRDA:148,6,1,11
BRDA:157,7,0,3
BRDA:164,8,0,3
BRDA:164,8,1,1
BRDA:164,8,2,1
BRDA:164,8,3,1
BRDA:207,9,0,1
BRDA:244,10,0,1
BRDA:261,11,0,1
BRDA:278,12,0,1
BRDA:295,13,0,1
BRDA:315,14,0,0
BRDA:315,14,1,4
BRDA:332,15,0,1
BRDA:341,16,0,1
BRDA:352,17,0,0
BRDA:362,18,0,0
BRF:25
BRH:22
end_of_record
TN:
SF:src\controllers\authController.ts
FN:7,(anonymous_0)
FN:21,(anonymous_1)
FN:58,(anonymous_2)
FN:68,(anonymous_3)
FNF:4
FNH:4
FNDA:2,(anonymous_0)
FNDA:1,(anonymous_1)
FNDA:2,(anonymous_2)
FNDA:1,(anonymous_3)
DA:1,3
DA:2,3
DA:3,3
DA:4,3
DA:7,3
DA:8,2
DA:10,2
DA:11,2
DA:12,1
DA:15,1
DA:16,1
DA:21,1
DA:26,1
DA:27,1
DA:28,1
DA:35,1
DA:36,0
DA:42,1
DA:43,0
DA:48,1
DA:49,0
DA:54,1
DA:55,1
DA:58,3
DA:59,2
DA:60,2
DA:61,2
DA:63,2
DA:64,2
DA:67,1
DA:68,1
DA:70,1
DA:71,1
LF:33
LH:30
BRDA:8,0,0,2
BRDA:11,1,0,1
BRDA:27,2,0,1
BRDA:35,3,0,0
BRDA:42,4,0,0
BRDA:48,5,0,0
BRDA:61,6,0,0
BRDA:64,7,0,1
BRF:8
BRH:4
end_of_record
TN:
SF:src\controllers\classController.ts
FN:7,(anonymous_0)
FN:28,(anonymous_1)
FN:47,(anonymous_2)
FN:62,(anonymous_3)
FN:92,(anonymous_4)
FN:104,(anonymous_5)
FN:141,(anonymous_6)
FN:181,(anonymous_7)
FN:191,(anonymous_8)
FN:253,(anonymous_9)
FN:281,(anonymous_10)
FNF:11
FNH:9
FNDA:2,(anonymous_0)
FNDA:2,(anonymous_1)
FNDA:2,(anonymous_2)
FNDA:3,(anonymous_3)
FNDA:2,(anonymous_4)
FNDA:2,(anonymous_5)
FNDA:1,(anonymous_6)
FNDA:6,(anonymous_7)
FNDA:5,(anonymous_8)
FNDA:0,(anonymous_9)
FNDA:0,(anonymous_10)
DA:2,3
DA:3,3
DA:4,3
DA:7,3
DA:8,2
DA:9,1
DA:11,1
DA:12,1
DA:25,1
DA:28,3
DA:29,2
DA:30,1
DA:31,1
DA:33,1
DA:34,1
DA:44,1
DA:47,3
DA:48,2
DA:49,0
DA:51,2
DA:52,2
DA:55,2
DA:56,2
DA:58,1
DA:59,1
DA:62,3
DA:63,3
DA:64,0
DA:67,3
DA:70,3
DA:71,1
DA:74,2
DA:76,2
DA:81,1
DA:87,1
DA:88,1
DA:92,3
DA:93,2
DA:95,2
DA:97,2
DA:102,2
DA:104,2
DA:106,2
DA:107,2
DA:108,2
DA:110,2
DA:119,2
DA:120,1
DA:123,1
DA:137,1
DA:141,3
DA:142,1
DA:144,1
DA:147,1
DA:148,1
DA:149,1
DA:151,1
DA:159,1
DA:177,1
DA:181,3
DA:182,6
DA:184,6
DA:185,6
DA:187,6
DA:188,1
DA:190,5
DA:191,5
DA:192,5
DA:204,5
DA:207,4
DA:208,4
DA:209,4
DA:211,4
DA:214,4
DA:216,4
DA:217,1
DA:220,3
DA:229,3
DA:232,2
DA:237,2
DA:238,1
DA:241,1
DA:244,1
DA:246,4
DA:247,0
DA:248,0
DA:253,3
DA:254,0
DA:256,0
DA:257,0
DA:260,0
DA:262,0
DA:270,0
DA:272,0
DA:274,0
DA:276,0
DA:277,0
DA:281,3
DA:282,0
DA:284,0
DA:285,0
DA:288,0
DA:289,0
DA:293,0
DA:294,0
DA:297,0
DA:299,0
DA:300,0
LF:108
LH:84
BRDA:8,0,0,1
BRDA:29,1,0,1
BRDA:48,2,0,0
BRDA:56,3,0,1
BRDA:63,4,0,0
BRDA:70,5,0,1
BRDA:70,6,0,3
BRDA:70,6,1,2
BRDA:93,7,0,0
BRDA:102,8,0,0
BRDA:119,9,0,1
BRDA:142,10,0,0
BRDA:182,11,0,0
BRDA:187,12,0,1
BRDA:187,13,0,6
BRDA:187,13,1,5
BRDA:204,14,0,1
BRDA:216,15,0,1
BRDA:229,16,0,1
BRDA:237,17,0,1
BRDA:246,18,0,4
BRDA:256,19,0,0
BRDA:256,20,0,0
BRDA:256,20,1,0
BRDA:272,21,0,0
BRDA:284,22,0,0
BRDA:284,23,0,0
BRDA:284,23,1,0
BRDA:293,24,0,0
BRF:29
BRH:15
end_of_record
TN:
SF:src\controllers\healthController.ts
FN:8,(anonymous_0)
FN:14,(anonymous_1)
FN:15,(anonymous_2)
FNF:3
FNH:0
FNDA:0,(anonymous_0)
FNDA:0,(anonymous_1)
FNDA:0,(anonymous_2)
DA:3,2
DA:4,2
DA:6,2
DA:8,2
DA:9,0
DA:10,0
DA:12,0
DA:15,0
DA:19,0
DA:20,0
DA:21,0
DA:29,0
DA:30,0
DA:31,0
LF:14
LH:4
BRDA:6,0,0,2
BRDA:6,0,1,2
BRDA:29,1,0,0
BRDA:29,1,1,0
BRF:4
BRH:2
end_of_record
TN:
SF:src\controllers\ongoingClassController.ts
FN:12,(anonymous_0)
FN:42,(anonymous_1)
FN:53,(anonymous_2)
FN:151,(anonymous_3)
FN:164,(anonymous_4)
FNF:5
FNH:3
FNDA:2,(anonymous_0)
FNDA:4,(anonymous_1)
FNDA:0,(anonymous_2)
FNDA:5,(anonymous_3)
FNDA:0,(anonymous_4)
DA:2,3
DA:3,3
DA:4,3
DA:6,3
DA:7,3
DA:12,3
DA:13,2
DA:15,2
DA:16,1
DA:19,1
DA:20,1
DA:34,1
DA:36,0
DA:37,0
DA:42,3
DA:43,4
DA:45,3
DA:46,3
DA:48,3
DA:49,0
DA:53,0
DA:56,3
DA:57,3
DA:58,3
DA:60,3
DA:63,3
DA:64,1
DA:90,1
DA:91,1
DA:98,1
DA:108,2
DA:109,2
DA:136,2
DA:137,1
DA:146,1
DA:151,3
DA:152,5
DA:153,1
DA:155,4
DA:156,4
DA:159,4
DA:160,0
DA:164,0
DA:168,4
DA:169,4
DA:170,0
DA:175,4
DA:177,2
DA:183,2
DA:184,1
DA:188,1
DA:191,1
DA:192,2
DA:197,0
DA:199,2
DA:212,1
DA:216,2
DA:217,0
DA:221,2
DA:222,2
DA:223,0
DA:228,2
DA:239,2
DA:240,1
DA:245,1
DA:257,1
LF:66
LH:56
BRDA:15,0,0,1
BRDA:43,1,0,1
BRDA:48,2,0,0
BRDA:63,3,0,1
BRDA:90,4,0,1
BRDA:108,5,0,2
BRDA:136,6,0,1
BRDA:152,7,0,1
BRDA:159,8,0,0
BRDA:169,9,0,0
BRDA:169,10,0,4
BRDA:169,10,1,4
BRDA:175,11,0,2
BRDA:175,12,0,4
BRDA:175,12,1,2
BRDA:183,13,0,1
BRDA:183,14,0,2
BRDA:183,14,1,2
BRDA:192,15,0,0
BRDA:193,16,0,2
BRDA:193,16,1,2
BRDA:193,16,2,2
BRDA:216,17,0,0
BRDA:222,18,0,0
BRDA:222,19,0,2
BRDA:222,19,1,2
BRDA:239,20,0,1
BRF:27
BRH:21
end_of_record
TN:
SF:src\controllers\userSettingsController.ts
FN:8,(anonymous_0)
FN:39,(anonymous_1)
FNF:2
FNH:1
FNDA:0,(anonymous_0)
FNDA:4,(anonymous_1)
DA:2,3
DA:3,3
DA:4,3
DA:8,3
DA:9,0
DA:10,0
DA:13,0
DA:15,0
DA:16,0
DA:22,0
DA:23,0
DA:26,0
DA:33,0
DA:34,0
DA:39,3
DA:40,4
DA:41,0
DA:44,4
DA:45,4
DA:48,4
DA:49,1
DA:54,3
DA:55,3
DA:61,2
DA:62,1
DA:65,1
DA:67,1
DA:68,1
LF:28
LH:17
BRDA:9,0,0,0
BRDA:22,1,0,0
BRDA:40,2,0,0
BRDA:48,3,0,1
BRDA:61,4,0,1
BRF:5
BRH:2
end_of_record
TN:
SF:src\db\client.ts
FN:21,(anonymous_10)
FN:25,(anonymous_11)
FNF:2
FNH:1
FNDA:23,(anonymous_10)
FNDA:0,(anonymous_11)
DA:2,2
DA:3,2
DA:4,2
DA:5,2
DA:8,2
DA:10,2
DA:13,2
DA:21,2
DA:22,23
DA:25,2
DA:26,0
DA:29,2
LF:12
LH:11
BRF:0
BRH:0
end_of_record
TN:
SF:src\db\schema.ts
FN:15,(anonymous_0)
FN:29,(anonymous_1)
FN:50,(anonymous_2)
FN:61,(anonymous_3)
FN:71,(anonymous_4)
FN:84,(anonymous_5)
FN:103,(anonymous_6)
FN:120,(anonymous_7)
FN:134,(anonymous_8)
FNF:9
FNH:9
FNDA:2,(anonymous_0)
FNDA:2,(anonymous_1)
FNDA:2,(anonymous_2)
FNDA:2,(anonymous_3)
FNDA:2,(anonymous_4)
FNDA:2,(anonymous_5)
FNDA:2,(anonymous_6)
FNDA:2,(anonymous_7)
FNDA:2,(anonymous_8)
DA:1,7
DA:4,7
DA:5,7
DA:8,7
DA:15,2
DA:19,7
DA:29,2
DA:47,7
DA:50,2
DA:58,7
DA:61,2
DA:69,7
DA:71,2
DA:79,7
DA:84,2
DA:92,7
DA:98,7
DA:103,2
DA:117,7
DA:120,2
DA:129,7
DA:134,2
LF:22
LH:22
BRF:0
BRH:0
end_of_record
TN:
SF:src\middleware\auth.ts
FN:12,hashPassword
FN:17,verifyPassword
FN:22,generateJwt
FN:29,(anonymous_4)
FNF:4
FNH:1
FNDA:0,hashPassword
FNDA:0,verifyPassword
FNDA:0,generateJwt
FNDA:17,(anonymous_4)
DA:4,2
DA:5,2
DA:7,2
DA:8,2
DA:9,2
DA:12,2
DA:13,0
DA:17,2
DA:18,0
DA:22,2
DA:23,0
DA:29,2
DA:30,17
DA:32,17
DA:33,15
DA:34,15
DA:35,15
DA:36,13
DA:37,13
DA:39,2
DA:40,2
DA:44,17
DA:45,2
LF:23
LH:20
BRDA:32,0,0,15
BRDA:44,1,0,2
BRDA:44,2,0,17
BRDA:44,2,1,15
BRF:4
BRH:4
end_of_record
TN:
SF:src\middleware\errorHandler.ts
FN:3,errorHandler
FNF:1
FNH:0
FNDA:0,errorHandler
DA:3,2
DA:9,0
DA:12,0
DA:16,0
DA:17,0
LF:5
LH:1
BRDA:9,0,0,0
BRDA:9,0,1,0
BRDA:12,1,0,0
BRDA:12,1,1,0
BRDA:13,2,0,0
BRDA:13,2,1,0
BRF:6
BRH:0
end_of_record
TN:
SF:src\middleware\requestTimeout.ts
FN:4,(anonymous_0)
FN:5,(anonymous_1)
FN:8,(anonymous_2)
FN:15,(anonymous_3)
FNF:4
FNH:3
FNDA:2,(anonymous_0)
FNDA:32,(anonymous_1)
FNDA:0,(anonymous_2)
FNDA:32,(anonymous_3)
DA:3,2
DA:4,2
DA:5,2
DA:6,32
DA:8,32
DA:9,0
DA:10,0
DA:12,0
DA:15,32
DA:16,32
LF:10
LH:7
BRDA:4,0,0,0
BRDA:6,1,0,0
BRDA:9,2,0,0
BRF:3
BRH:0
end_of_record
TN:
SF:src\routes\admin.ts
FNF:0
FNH:0
DA:288,2
DA:289,2
DA:305,2
DA:307,2
DA:309,2
DA:310,2
DA:311,2
DA:312,2
DA:313,2
DA:314,2
DA:315,2
DA:316,2
DA:317,2
DA:318,2
DA:319,2
DA:320,2
DA:321,2
DA:322,2
DA:324,2
LF:19
LH:19
BRF:0
BRH:0
end_of_record
TN:
SF:src\routes\auth.ts
FNF:0
FNH:0
DA:2,2
DA:3,2
DA:5,2
DA:7,2
DA:8,2
DA:10,2
LF:6
LH:6
BRF:0
BRH:0
end_of_record
TN:
SF:src\routes\classes.ts
FNF:0
FNH:0
DA:2,2
DA:3,2
DA:5,2
DA:7,2
DA:9,2
DA:10,2
DA:11,2
DA:12,2
DA:13,2
DA:14,2
DA:15,2
DA:16,2
DA:17,2
DA:19,2
LF:14
LH:14
BRF:0
BRH:0
end_of_record
TN:
SF:src\routes\health.ts
FNF:0
FNH:0
DA:2,2
DA:3,2
DA:5,2
DA:10,2
DA:11,2
DA:12,2
DA:14,2
LF:7
LH:7
BRF:0
BRH:0
end_of_record
TN:
SF:src\routes\ongoingClass.ts
FNF:0
FNH:0
DA:2,2
DA:3,2
DA:4,2
DA:7,2
DA:9,2
DA:10,2
DA:11,2
DA:13,2
LF:8
LH:8
BRF:0
BRH:0
end_of_record
TN:
SF:src\routes\userSettings.ts
FNF:0
FNH:0
DA:1,2
DA:2,2
DA:3,2
DA:6,2
DA:9,2
DA:13,2
DA:15,2
LF:7
LH:7
BRF:0
BRH:0
end_of_record
