TN:
SF:src/controllers/adminController.ts
FN:28,(anonymous_0)
FN:62,(anonymous_1)
FN:89,(anonymous_2)
FN:105,(anonymous_3)
FN:123,(anonymous_4)
FN:145,(anonymous_5)
FN:183,(anonymous_6)
FN:201,(anonymous_7)
FN:226,(anonymous_8)
FN:241,(anonymous_9)
FN:258,(anonymous_10)
FN:275,(anonymous_11)
FN:292,(anonymous_12)
FN:308,addDays
FN:313,startOfWeek
FN:321,endOfWeek
FN:330,(anonymous_16)
FN:345,(anonymous_17)
FN:350,(anonymous_18)
FNF:19
FNH:18
FNDA:2,(anonymous_0)
FNDA:2,(anonymous_1)
FNDA:1,(anonymous_2)
FNDA:1,(anonymous_3)
FNDA:3,(anonymous_4)
FNDA:3,(anonymous_5)
FNDA:1,(anonymous_6)
FNDA:2,(anonymous_7)
FNDA:1,(anonymous_8)
FNDA:2,(anonymous_9)
FNDA:2,(anonymous_10)
FNDA:2,(anonymous_11)
FNDA:2,(anonymous_12)
FNDA:1,addDays
FNDA:4,startOfWeek
FNDA:2,endOfWeek
FNDA:3,(anonymous_16)
FNDA:2,(anonymous_17)
FNDA:0,(anonymous_18)
DA:1,1
DA:2,1
DA:12,1
DA:15,1
DA:16,1
DA:18,1
DA:28,1
DA:29,2
DA:30,2
DA:31,2
DA:32,2
DA:34,2
DA:35,1
DA:36,1
DA:38,1
DA:40,1
DA:41,1
DA:50,1
DA:51,1
DA:55,2
DA:57,0
DA:58,0
DA:62,1
DA:63,2
DA:64,2
DA:67,2
DA:68,2
DA:70,2
DA:88,1
DA:90,1
DA:91,1
DA:92,1
DA:93,1
DA:98,1
DA:100,1
DA:101,1
DA:105,1
DA:107,1
DA:108,1
DA:120,1
DA:123,1
DA:124,3
DA:125,3
DA:126,1
DA:129,2
DA:131,2
DA:133,2
DA:134,1
DA:135,1
DA:138,1
DA:140,1
DA:145,1
DA:146,3
DA:148,3
DA:149,1
DA:152,2
DA:157,2
DA:158,1
DA:161,1
DA:164,1
DA:166,1
DA:167,1
DA:169,0
DA:170,0
DA:172,0
DA:173,0
DA:175,0
DA:176,0
DA:179,1
DA:183,1
DA:184,1
DA:197,1
DA:201,1
DA:202,2
DA:204,2
DA:207,2
DA:208,1
DA:211,1
DA:222,1
DA:226,1
DA:227,1
DA:237,1
DA:241,1
DA:242,2
DA:244,2
DA:245,1
DA:248,1
DA:250,1
DA:254,1
DA:258,1
DA:259,2
DA:261,2
DA:262,1
DA:265,1
DA:267,1
DA:271,1
DA:275,1
DA:276,2
DA:278,2
DA:279,1
DA:282,1
DA:284,1
DA:288,1
DA:292,1
DA:293,2
DA:295,2
DA:296,1
DA:299,1
DA:301,1
DA:305,1
DA:309,1
DA:310,1
DA:311,1
DA:314,4
DA:315,4
DA:316,4
DA:317,4
DA:318,4
DA:319,4
DA:322,2
DA:323,2
DA:324,2
DA:325,2
DA:326,2
DA:330,1
DA:331,3
DA:332,3
DA:333,1
DA:336,2
DA:341,2
DA:342,1
DA:345,2
DA:350,1
DA:351,0
DA:352,0
DA:353,0
DA:356,0
DA:362,0
DA:363,0
DA:366,0
LF:140
LH:125
BRDA:36,0,0,0
BRDA:91,1,0,1
BRDA:125,2,0,1
BRDA:125,3,0,3
BRDA:125,3,1,3
BRDA:133,4,0,1
BRDA:148,5,0,1
BRDA:148,6,0,3
BRDA:148,6,1,3
BRDA:157,7,0,1
BRDA:164,8,0,1
BRDA:164,8,1,0
BRDA:164,8,2,0
BRDA:164,8,3,0
BRDA:207,9,0,1
BRDA:244,10,0,1
BRDA:261,11,0,1
BRDA:278,12,0,1
BRDA:295,13,0,1
BRDA:315,14,0,0
BRDA:315,14,1,4
BRDA:332,15,0,1
BRDA:341,16,0,1
BRDA:352,17,0,0
BRDA:362,18,0,0
BRF:25
BRH:18
end_of_record
TN:
SF:src/db/schema.ts
FN:15,(anonymous_0)
FN:29,(anonymous_1)
FN:50,(anonymous_2)
FN:61,(anonymous_3)
FN:71,(anonymous_4)
FN:84,(anonymous_5)
FN:103,(anonymous_6)
FN:120,(anonymous_7)
FN:134,(anonymous_8)
FNF:9
FNH:0
FNDA:0,(anonymous_0)
FNDA:0,(anonymous_1)
FNDA:0,(anonymous_2)
FNDA:0,(anonymous_3)
FNDA:0,(anonymous_4)
FNDA:0,(anonymous_5)
FNDA:0,(anonymous_6)
FNDA:0,(anonymous_7)
FNDA:0,(anonymous_8)
DA:1,1
DA:4,1
DA:5,1
DA:8,1
DA:15,0
DA:19,1
DA:29,0
DA:47,1
DA:50,0
DA:58,1
DA:61,0
DA:69,1
DA:71,0
DA:79,1
DA:84,0
DA:92,1
DA:98,1
DA:103,0
DA:117,1
DA:120,0
DA:129,1
DA:134,0
LF:22
LH:13
BRF:0
BRH:0
end_of_record
